---- light / ericw-tools v0.18.1 ----
Raytracing backend: Embree
running with 12 threads
LoadBSPFile: 'SinglePlayer01.bsp'
BSP is version 29
--- LoadEntities ---
34 entities read, 7 are lights.
--- OptionsSummary ---
Embree_TraceInit: Embree version: 2.15.0
Embree_TraceInit:
	0 sky faces
	131 solid faces
	0 filtered faces
	0 shadow-casting skip faces
SetupLights: 7 initial lights
SetupLights: 7 after surface lights
SetupLights: 7 after jittering
--- EstimateLightVisibility ---
0....1....2....3....4....5....6....7....8..
Final count: 7 lights 0 suns in use.
--- LightWorld ---
0....1....2....3....4....5....6....7....8....9....
Lighting Completed.

lightdatasize: 7027
0 switchable light styles (32 max)
Writing SinglePlayer01.bsp as BSP version 29
0.109 seconds elapsed

stats:
1.613712 lights tested, 1.384625 hits per sample point
0.000000 bounce lights tested, 0.000000 hits per sample point
0 empty lightmaps
